#
# There is insufficient memory for the Java Runtime Environment to continue.
# Native memory allocation (mmap) failed to map 266338304 bytes. Error detail: G1 virtual space
# Possible reasons:
#   The system is out of physical RAM or swap space
#   This process is running with CompressedOops enabled, and the Java Heap may be blocking the growth of the native heap
# Possible solutions:
#   Reduce memory load on the system
#   Increase physical memory or swap space
#   Check if swap backing store is full
#   Decrease Java heap size (-Xmx/-Xms)
#   Decrease number of Java threads
#   Decrease Java thread stack sizes (-Xss)
#   Set larger code cache with -XX:ReservedCodeCacheSize=
#   JVM is running with Zero Based Compressed Oops mode in which the Java heap is
#     placed in the first 32GB address space. The Java Heap base address is the
#     maximum limit for the native heap growth. Please use -XX:HeapBaseMinAddress
#     to set the Java Heap base and to place the Java Heap above 32GB virtual address.
# This output file may be truncated or incomplete.
#
#  Out of Memory Error (os_windows.cpp:3631), pid=25728, tid=14504
#
# JRE version:  (22.0.1+8) (build )
# Java VM: OpenJDK 64-Bit Server VM (22.0.1+8-16, mixed mode, sharing, tiered, compressed oops, compressed class ptrs, g1 gc, windows-amd64)
# No core dump will be written. Minidumps are not enabled by default on client versions of Windows
#

---------------  S U M M A R Y ------------

Command Line: -javaagent:C:\Program Files\JetBrains\IntelliJ IDEA 2024.1.1\lib\idea_rt.jar=51041:C:\Program Files\JetBrains\IntelliJ IDEA 2024.1.1\bin -Dfile.encoding=UTF-8 -Dsun.stdout.encoding=UTF-8 -Dsun.stderr.encoding=UTF-8 Main

Host: 11th Gen Intel(R) Core(TM) i7-1185G7 @ 3.00GHz, 8 cores, 15G,  Windows 11 , 64 bit Build 22621 (10.0.22621.3672)
Time: Thu May 30 08:56:15 2024 Eastern Daylight Time elapsed time: 0.035068 seconds (0d 0h 0m 0s)

---------------  T H R E A D  ---------------

Current thread (0x000001c2a6872280):  JavaThread "Unknown thread" [_thread_in_vm, id=14504, stack(0x000000b1b9400000,0x000000b1b9500000) (1024K)]

Stack: [0x000000b1b9400000,0x000000b1b9500000]
Native frames: (J=compiled Java code, j=interpreted, Vv=VM code, C=native code)
V  [jvm.dll+0x6e2279]  (no source info available)
V  [jvm.dll+0x874e33]  (no source info available)
V  [jvm.dll+0x87725e]  (no source info available)
V  [jvm.dll+0x877933]  (no source info available)
V  [jvm.dll+0x27fd76]  (no source info available)
V  [jvm.dll+0x6de915]  (no source info available)
V  [jvm.dll+0x6d341a]  (no source info available)
V  [jvm.dll+0x3589da]  (no source info available)
V  [jvm.dll+0x360f06]  (no source info available)
V  [jvm.dll+0x3b3e2e]  (no source info available)
V  [jvm.dll+0x3b40d8]  (no source info available)
V  [jvm.dll+0x32c59c]  (no source info available)
V  [jvm.dll+0x32d158]  (no source info available)
V  [jvm.dll+0x83ccdc]  (no source info available)
V  [jvm.dll+0x3c0d71]  (no source info available)
V  [jvm.dll+0x825ccc]  (no source info available)
V  [jvm.dll+0x45b8fe]  (no source info available)
V  [jvm.dll+0x45d781]  (no source info available)
C  [jli.dll+0x52a3]  (no source info available)
C  [ucrtbase.dll+0x29333]  (no source info available)
C  [KERNEL32.DLL+0x1257d]  (no source info available)
C  [ntdll.dll+0x5aa48]  (no source info available)


---------------  P R O C E S S  ---------------

Threads class SMR info:
_java_thread_list=0x00007fffd6dbb1c8, length=0, elements={
}

Java Threads: ( => current thread )
Total: 0

Other Threads:
  0x000001c2a6b5e820 WorkerThread "GC Thread#0"                     [id=5612, stack(0x000000b1b9500000,0x000000b1b9600000) (1024K)]
  0x000001c2a6b6f4a0 ConcurrentGCThread "G1 Main Marker"            [id=22448, stack(0x000000b1b9600000,0x000000b1b9700000) (1024K)]
  0x000001c2a6b70810 WorkerThread "G1 Conc#0"                       [id=26204, stack(0x000000b1b9700000,0x000000b1b9800000) (1024K)]

[error occurred during error reporting (printing all threads), id 0xc0000005, EXCEPTION_ACCESS_VIOLATION (0xc0000005) at pc=0x00007fffd650f367]
VM state: not at safepoint (not fully initialized)

VM Mutex/Monitor currently owned by a thread:  ([mutex/lock_event])
[0x00007fffd6e3bcb8] Heap_lock - owner thread: 0x000001c2a6872280

Heap address: 0x0000000702800000, size: 4056 MB, Compressed Oops mode: Zero based, Oop shift amount: 3

CDS archive(s) mapped at: [0x0000000000000000-0x0000000000000000-0x0000000000000000), size 0, SharedBaseAddress: 0x0000000800000000, ArchiveRelocationMode: 1.
Narrow klass base: 0x0000000000000000, Narrow klass shift: 0, Narrow klass range: 0x0

GC Precious Log:
 CardTable entry size: 512
 Card Set container configuration: InlinePtr #cards 4 size 8 Array Of Cards #cards 16 size 48 Howl #buckets 8 coarsen threshold 3686 Howl Bitmap #cards 512 size 80 coarsen threshold 460 Card regions per heap region 1 cards per card region 4096

Heap:
 garbage-first heap   total reserved 4153344K, committed 0K, used 0K [0x0000000702800000, 0x0000000800000000)
  region size 2048K, 0 young (0K), 0 survivors (0K)

[error occurred during error reporting (printing heap information), id 0xc0000005, EXCEPTION_ACCESS_VIOLATION (0xc0000005) at pc=0x00007fffd690e429]
GC Heap History (0 events):
No events

Dll operation events (1 events):
Event: 0.028 Loaded shared library C:\Users\az14jh\.jdks\openjdk-22.0.1\bin\java.dll

Deoptimization events (0 events):
No events

Classes loaded (0 events):
No events

Classes unloaded (0 events):
No events

Classes redefined (0 events):
No events

Internal exceptions (0 events):
No events

ZGC Phase Switch (0 events):
No events

VM Operations (0 events):
No events

Events (0 events):
No events


Dynamic libraries:
0x00007ff660460000 - 0x00007ff66046e000 	C:\Users\az14jh\.jdks\openjdk-22.0.1\bin\java.exe
0x00007ff83a130000 - 0x00007ff83a347000 	C:\WINDOWS\SYSTEM32\ntdll.dll
0x00007ff838860000 - 0x00007ff838924000 	C:\WINDOWS\System32\KERNEL32.DLL
0x00007ff837720000 - 0x00007ff837acc000 	C:\WINDOWS\System32\KERNELBASE.dll
0x00007ff837bc0000 - 0x00007ff837cd1000 	C:\WINDOWS\System32\ucrtbase.dll
0x00007ff81b0d0000 - 0x00007ff81b0eb000 	C:\Users\az14jh\.jdks\openjdk-22.0.1\bin\VCRUNTIME140.dll
0x00007ff81d7b0000 - 0x00007ff81d7c7000 	C:\Users\az14jh\.jdks\openjdk-22.0.1\bin\jli.dll
0x00007ff8385d0000 - 0x00007ff83877e000 	C:\WINDOWS\System32\USER32.dll
0x00007ff8206c0000 - 0x00007ff820953000 	C:\WINDOWS\WinSxS\amd64_microsoft.windows.common-controls_6595b64144ccf1df_6.0.22621.3672_none_2713b9d173822955\COMCTL32.dll
0x00007ff837ce0000 - 0x00007ff837d06000 	C:\WINDOWS\System32\win32u.dll
0x00007ff838c10000 - 0x00007ff838cb7000 	C:\WINDOWS\System32\msvcrt.dll
0x00007ff838040000 - 0x00007ff838069000 	C:\WINDOWS\System32\GDI32.dll
0x00007ff837600000 - 0x00007ff837719000 	C:\WINDOWS\System32\gdi32full.dll
0x00007ff837dd0000 - 0x00007ff837e6a000 	C:\WINDOWS\System32\msvcp_win.dll
0x00007ff837e70000 - 0x00007ff837ea1000 	C:\WINDOWS\System32\IMM32.DLL
0x00007ff81d7a0000 - 0x00007ff81d7ac000 	C:\Users\az14jh\.jdks\openjdk-22.0.1\bin\vcruntime140_1.dll
0x00007ffff2870000 - 0x00007ffff28fe000 	C:\Users\az14jh\.jdks\openjdk-22.0.1\bin\msvcp140.dll
0x00007fffd61d0000 - 0x00007fffd6f17000 	C:\Users\az14jh\.jdks\openjdk-22.0.1\bin\server\jvm.dll
0x00007ff838cc0000 - 0x00007ff838d72000 	C:\WINDOWS\System32\ADVAPI32.dll
0x00007ff838b00000 - 0x00007ff838ba8000 	C:\WINDOWS\System32\sechost.dll
0x00007ff8375d0000 - 0x00007ff8375f8000 	C:\WINDOWS\System32\bcrypt.dll
0x00007ff838d80000 - 0x00007ff838e95000 	C:\WINDOWS\System32\RPCRT4.dll
0x00007ff839fc0000 - 0x00007ff83a031000 	C:\WINDOWS\System32\WS2_32.dll
0x00007ff8361c0000 - 0x00007ff83620d000 	C:\WINDOWS\SYSTEM32\POWRPROF.dll
0x00007ff82eab0000 - 0x00007ff82eaba000 	C:\WINDOWS\SYSTEM32\VERSION.dll
0x00007ff82fa70000 - 0x00007ff82faa4000 	C:\WINDOWS\SYSTEM32\WINMM.dll
0x00007ff8361a0000 - 0x00007ff8361b3000 	C:\WINDOWS\SYSTEM32\UMPDC.dll
0x00007ff836450000 - 0x00007ff836468000 	C:\WINDOWS\SYSTEM32\kernel.appcore.dll
0x00007ff81b1b0000 - 0x00007ff81b1ba000 	C:\Users\az14jh\.jdks\openjdk-22.0.1\bin\jimage.dll
0x00007ff820430000 - 0x00007ff820662000 	C:\WINDOWS\SYSTEM32\DBGHELP.DLL
0x00007ff8380a0000 - 0x00007ff838428000 	C:\WINDOWS\System32\combase.dll
0x00007ff838780000 - 0x00007ff838857000 	C:\WINDOWS\System32\OLEAUT32.dll
0x00007ff818e90000 - 0x00007ff818ec2000 	C:\WINDOWS\SYSTEM32\dbgcore.DLL
0x00007ff837ad0000 - 0x00007ff837b4b000 	C:\WINDOWS\System32\bcryptPrimitives.dll
0x00007ff804680000 - 0x00007ff80468f000 	C:\Users\az14jh\.jdks\openjdk-22.0.1\bin\instrument.dll
0x00007ff81b0b0000 - 0x00007ff81b0ce000 	C:\Users\az14jh\.jdks\openjdk-22.0.1\bin\java.dll
0x00007ff838ea0000 - 0x00007ff8396fc000 	C:\WINDOWS\System32\SHELL32.dll
0x00007ff839c30000 - 0x00007ff839dd5000 	C:\WINDOWS\System32\ole32.dll

dbghelp: loaded successfully - version: 4.0.5 - missing functions: none
symbol engine: initialized successfully - sym options: 0x614 - pdb path: .;C:\Users\az14jh\.jdks\openjdk-22.0.1\bin;C:\WINDOWS\SYSTEM32;C:\WINDOWS\WinSxS\amd64_microsoft.windows.common-controls_6595b64144ccf1df_6.0.22621.3672_none_2713b9d173822955;C:\Users\az14jh\.jdks\openjdk-22.0.1\bin\server

VM Arguments:
jvm_args: -javaagent:C:\Program Files\JetBrains\IntelliJ IDEA 2024.1.1\lib\idea_rt.jar=51041:C:\Program Files\JetBrains\IntelliJ IDEA 2024.1.1\bin -Dfile.encoding=UTF-8 -Dsun.stdout.encoding=UTF-8 -Dsun.stderr.encoding=UTF-8 
java_command: Main
java_class_path (initial): C:\Users\az14jh\IdeaProjects\HR DMS\out\production\HR DMS;C:\Users\az14jh\AppData\Roaming\JetBrains\IntelliJIdea2024.1\jdbc-drivers\MySQL ConnectorJ\8.2.0\com\mysql\mysql-connector-j\8.2.0\mysql-connector-j-8.2.0.jar
Launcher Type: SUN_STANDARD

[Global flags]
     intx CICompilerCount                          = 4                                         {product} {ergonomic}
     uint ConcGCThreads                            = 2                                         {product} {ergonomic}
     uint G1ConcRefinementThreads                  = 8                                         {product} {ergonomic}
   size_t G1HeapRegionSize                         = 2097152                                   {product} {ergonomic}
   size_t InitialHeapSize                          = 266338304                                 {product} {ergonomic}
   size_t MarkStackSize                            = 4194304                                   {product} {ergonomic}
   size_t MaxHeapSize                              = 4253024256                                {product} {ergonomic}
   size_t MinHeapDeltaBytes                        = 2097152                                   {product} {ergonomic}
   size_t MinHeapSize                              = 8388608                                   {product} {ergonomic}
    uintx NonNMethodCodeHeapSize                   = 5839372                                {pd product} {ergonomic}
    uintx NonProfiledCodeHeapSize                  = 122909434                              {pd product} {ergonomic}
    uintx ProfiledCodeHeapSize                     = 122909434                              {pd product} {ergonomic}
    uintx ReservedCodeCacheSize                    = 251658240                              {pd product} {ergonomic}
     bool SegmentedCodeCache                       = true                                      {product} {ergonomic}
   size_t SoftMaxHeapSize                          = 4253024256                             {manageable} {ergonomic}
     bool UseCompressedOops                        = true                           {product lp64_product} {ergonomic}
     bool UseG1GC                                  = true                                      {product} {ergonomic}
     bool UseLargePagesIndividualAllocation        = false                                  {pd product} {ergonomic}

Logging:
Log output configuration:
 #0: stdout all=warning uptime,level,tags foldmultilines=false
 #1: stderr all=off uptime,level,tags foldmultilines=false

Environment Variables:
PATH=C:\Program Files\Common Files\Oracle\Java\javapath;C:\WINDOWS\system32;C:\WINDOWS;C:\WINDOWS\System32\Wbem;C:\WINDOWS\System32\WindowsPowerShell\v1.0\;C:\WINDOWS\System32\OpenSSH\;C:\Program Files\dotnet\;C:\Windows\system32;C:\Windows;C:\Windows\System32\WindowsPowerShell\v1.0\;C:\Windows\System32\Wbem;C:\Program Files (x86)\Microsoft SQL Server\160\DTS\Binn\;C:\Program Files\Azure Data Studio\bin;C:\Program Files\Amazon\AWSCLIV2\;C:\Program Files\nodejs\;C:\Program Files\MySQL\MySQL Shell 8.4\bin\;C:\Users\az14jh\AppData\Local\Programs\Python\Launcher\;C:\Users\az14jh\AppData\Local\Microsoft\WindowsApps;C:\Program Files (x86)\SnowballClient\bin;C:\Users\az14jh\AppData\Local\Programs\Microsoft VS Code\bin;C:\Users\az14jh\AppData\Roaming\npm;C:\Users\az14jh\AppData\Local\Programs\Git\cmd
USERNAME=az14jh
OS=Windows_NT
PROCESSOR_IDENTIFIER=Intel64 Family 6 Model 140 Stepping 1, GenuineIntel
TMP=C:\Users\az14jh\AppData\Local\Temp
TEMP=C:\Users\az14jh\AppData\Local\Temp




Periodic native trim disabled

---------------  S Y S T E M  ---------------

OS:
 Windows 11 , 64 bit Build 22621 (10.0.22621.3672)
OS uptime: 0 days 0:06 hours
Hyper-V role detected

CPU: total 8 (initial active 8) (4 cores per cpu, 2 threads per core) family 6 model 140 stepping 1 microcode 0xac, cx8, cmov, fxsr, ht, mmx, 3dnowpref, sse, sse2, sse3, ssse3, sse4.1, sse4.2, popcnt, lzcnt, tsc, tscinvbit, avx, avx2, aes, erms, clmul, bmi1, bmi2, adx, avx512f, avx512dq, avx512cd, avx512bw, avx512vl, sha, fma, vzeroupper, avx512_vpopcntdq, avx512_vpclmulqdq, avx512_vaes, avx512_vnni, clflush, clflushopt, clwb, avx512_vbmi2, avx512_vbmi, hv, rdtscp, rdpid, fsrm, gfni, avx512_bitalg, f16c, cet_ibt, cet_ss, avx512_ifma
Processor Information for all 8 processors :
  Max Mhz: 2995, Current Mhz: 2995, Mhz Limit: 2995

Memory: 4k page, system-wide physical 16218M (3255M free)
TotalPageFile size 16218M (AvailPageFile size 42M)
current process WorkingSet (physical memory assigned to process): 12M, peak: 12M
current process commit charge ("private bytes"): 61M, peak: 314M

vm_info: OpenJDK 64-Bit Server VM (22.0.1+8-16) for windows-amd64 JRE (22.0.1+8-16), built on 2024-03-12T10:33:16Z by "mach5one" with MS VC++ 17.6 (VS2022)

END.
