#
# There is insufficient memory for the Java Runtime Environment to continue.
# Native memory allocation (mmap) failed to map 266338304 bytes for G1 virtual space
# Possible reasons:
#   The system is out of physical RAM or swap space
#   The process is running with CompressedOops enabled, and the Java Heap may be blocking the growth of the native heap
# Possible solutions:
#   Reduce memory load on the system
#   Increase physical memory or swap space
#   Check if swap backing store is full
#   Decrease Java heap size (-Xmx/-Xms)
#   Decrease number of Java threads
#   Decrease Java thread stack sizes (-Xss)
#   Set larger code cache with -XX:ReservedCodeCacheSize=
#   JVM is running with Zero Based Compressed Oops mode in which the Java heap is
#     placed in the first 32GB address space. The Java Heap base address is the
#     maximum limit for the native heap growth. Please use -XX:HeapBaseMinAddress
#     to set the Java Heap base and to place the Java Heap above 32GB virtual address.
# This output file may be truncated or incomplete.
#
#  Out of Memory Error (os_windows.cpp:3825), pid=3680, tid=3736
#
# JRE version:  (17.0.10+1) (build )
# Java VM: OpenJDK 64-Bit Server VM (17.0.10+1-b1207.14, mixed mode, sharing, tiered, compressed oops, compressed class ptrs, g1 gc, windows-amd64)
# No core dump will be written. Minidumps are not enabled by default on client versions of Windows
#

---------------  S U M M A R Y ------------

Command Line: git4idea.http.GitAskPassApp Username for 'https://github.com': 

Host: 11th Gen Intel(R) Core(TM) i7-1185G7 @ 3.00GHz, 8 cores, 15G,  Windows 11 , 64 bit Build 22621 (10.0.22621.3672)
Time: Thu May 30 08:34:03 2024 Eastern Daylight Time elapsed time: 0.013075 seconds (0d 0h 0m 0s)

---------------  T H R E A D  ---------------

Current thread (0x0000028732a7cc70):  JavaThread "Unknown thread" [_thread_in_vm, id=3736, stack(0x000000b0d4a00000,0x000000b0d4b00000)]

Stack: [0x000000b0d4a00000,0x000000b0d4b00000]
Native frames: (J=compiled Java code, j=interpreted, Vv=VM code, C=native code)
V  [jvm.dll+0x687989]
V  [jvm.dll+0x84116a]
V  [jvm.dll+0x842dae]
V  [jvm.dll+0x843413]
V  [jvm.dll+0x249ccf]
V  [jvm.dll+0x684759]
V  [jvm.dll+0x67900a]
V  [jvm.dll+0x30ab0b]
V  [jvm.dll+0x311fb6]
V  [jvm.dll+0x361d5e]
V  [jvm.dll+0x361f8f]
V  [jvm.dll+0x2e07f8]
V  [jvm.dll+0x2e1764]
V  [jvm.dll+0x811c31]
V  [jvm.dll+0x36fc11]
V  [jvm.dll+0x7f0666]
V  [jvm.dll+0x3f3daf]
V  [jvm.dll+0x3f5a41]
C  [jli.dll+0x528f]
C  [ucrtbase.dll+0x29333]
C  [KERNEL32.DLL+0x1257d]
C  [ntdll.dll+0x5aa48]


---------------  P R O C E S S  ---------------

Threads class SMR info:
_java_thread_list=0x00007ffccd30df58, length=0, elements={
}

Java Threads: ( => current thread )

Other Threads:
  0x0000028732ae8720 GCTaskThread "GC Thread#0" [stack: 0x000000b0d4b00000,0x000000b0d4c00000] [id=23828]
  0x0000028732af9300 ConcurrentGCThread "G1 Main Marker" [stack: 0x000000b0d4c00000,0x000000b0d4d00000] [id=15532]
  0x0000028732af9c30 ConcurrentGCThread "G1 Conc#0" [stack: 0x000000b0d4d00000,0x000000b0d4e00000] [id=12828]

[error occurred during error reporting (printing all threads), id 0xc0000005, EXCEPTION_ACCESS_VIOLATION (0xc0000005) at pc=0x00007ffcccac13c7]

VM state: not at safepoint (not fully initialized)

VM Mutex/Monitor currently owned by a thread:  ([mutex/lock_event])
[0x0000028732a78f80] Heap_lock - owner thread: 0x0000028732a7cc70

Heap address: 0x0000000702800000, size: 4056 MB, Compressed Oops mode: Zero based, Oop shift amount: 3

CDS archive(s) mapped at: [0x0000000000000000-0x0000000000000000-0x0000000000000000), size 0, SharedBaseAddress: 0x0000000800000000, ArchiveRelocationMode: 1.
Narrow klass base: 0x0000000000000000, Narrow klass shift: 0, Narrow klass range: 0x0

GC Precious Log:
<Empty>

Heap:
 garbage-first heap   total 0K, used 0K [0x0000000702800000, 0x0000000800000000)
  region size 2048K, 0 young (0K), 0 survivors (0K)
 Metaspace       used 0K, committed 0K, reserved 0K
  class space    used 0K, committed 0K, reserved 0K

Heap Regions: E=young(eden), S=young(survivor), O=old, HS=humongous(starts), HC=humongous(continues), CS=collection set, F=free, OA=open archive, CA=closed archive, TAMS=top-at-mark-start (previous, next)

Card table byte_map: [0x0000028745d10000,0x0000028746500000] _byte_map_base: 0x00000287424fc000

Marking Bits (Prev, Next): (CMBitMap*) 0x0000028732ae8c50, (CMBitMap*) 0x0000028732ae8c90
 Prev Bits: [0x0000028746cf0000, 0x000002874ac50000)
 Next Bits: [0x000002874ac50000, 0x000002874ebb0000)

GC Heap History (0 events):
No events

Dll operation events (1 events):
Event: 0.010 Loaded shared library C:\Program Files\JetBrains\IntelliJ IDEA 2024.1.1\jbr\bin\java.dll

Deoptimization events (0 events):
No events

Classes unloaded (0 events):
No events

Classes redefined (0 events):
No events

Internal exceptions (0 events):
No events

VM Operations (0 events):
No events

Events (0 events):
No events


Dynamic libraries:
0x00007ff6bacd0000 - 0x00007ff6bacda000 	C:\Program Files\JetBrains\IntelliJ IDEA 2024.1.1\jbr\bin\java.exe
0x00007ffd30b30000 - 0x00007ffd30d47000 	C:\WINDOWS\SYSTEM32\ntdll.dll
0x00007ffd2f0d0000 - 0x00007ffd2f194000 	C:\WINDOWS\System32\KERNEL32.DLL
0x00007ffd2e490000 - 0x00007ffd2e83c000 	C:\WINDOWS\System32\KERNELBASE.dll
0x00007ffd2de60000 - 0x00007ffd2df71000 	C:\WINDOWS\System32\ucrtbase.dll
0x00007ffd116a0000 - 0x00007ffd116bb000 	C:\Program Files\JetBrains\IntelliJ IDEA 2024.1.1\jbr\bin\VCRUNTIME140.dll
0x00007ffcf8860000 - 0x00007ffcf8877000 	C:\Program Files\JetBrains\IntelliJ IDEA 2024.1.1\jbr\bin\jli.dll
0x00007ffd2fe40000 - 0x00007ffd2ffee000 	C:\WINDOWS\System32\USER32.dll
0x00007ffd15850000 - 0x00007ffd15ae3000 	C:\WINDOWS\WinSxS\amd64_microsoft.windows.common-controls_6595b64144ccf1df_6.0.22621.3672_none_2713b9d173822955\COMCTL32.dll
0x00007ffd2e840000 - 0x00007ffd2e866000 	C:\WINDOWS\System32\win32u.dll
0x00007ffd2ef00000 - 0x00007ffd2efa7000 	C:\WINDOWS\System32\msvcrt.dll
0x00007ffd2f710000 - 0x00007ffd2f739000 	C:\WINDOWS\System32\GDI32.dll
0x00007ffd2e070000 - 0x00007ffd2e189000 	C:\WINDOWS\System32\gdi32full.dll
0x00007ffd2e3f0000 - 0x00007ffd2e48a000 	C:\WINDOWS\System32\msvcp_win.dll
0x00007ffd2fc20000 - 0x00007ffd2fc51000 	C:\WINDOWS\System32\IMM32.DLL
0x00007ffd27920000 - 0x00007ffd2792c000 	C:\Program Files\JetBrains\IntelliJ IDEA 2024.1.1\jbr\bin\vcruntime140_1.dll
0x00007ffccdd60000 - 0x00007ffccdded000 	C:\Program Files\JetBrains\IntelliJ IDEA 2024.1.1\jbr\bin\msvcp140.dll
0x00007ffccc7d0000 - 0x00007ffccd452000 	C:\Program Files\JetBrains\IntelliJ IDEA 2024.1.1\jbr\bin\server\jvm.dll
0x00007ffd2fff0000 - 0x00007ffd300a2000 	C:\WINDOWS\System32\ADVAPI32.dll
0x00007ffd2eac0000 - 0x00007ffd2eb68000 	C:\WINDOWS\System32\sechost.dll
0x00007ffd2e300000 - 0x00007ffd2e328000 	C:\WINDOWS\System32\bcrypt.dll
0x00007ffd2e880000 - 0x00007ffd2e995000 	C:\WINDOWS\System32\RPCRT4.dll
0x00007ffd25cb0000 - 0x00007ffd25ce4000 	C:\WINDOWS\SYSTEM32\WINMM.dll
0x00007ffd25fc0000 - 0x00007ffd25fca000 	C:\WINDOWS\SYSTEM32\VERSION.dll
0x00007ffd2cbc0000 - 0x00007ffd2cc0d000 	C:\WINDOWS\SYSTEM32\POWRPROF.dll
0x00007ffcfeb90000 - 0x00007ffcfeb99000 	C:\WINDOWS\SYSTEM32\WSOCK32.dll
0x00007ffd2fc60000 - 0x00007ffd2fcd1000 	C:\WINDOWS\System32\WS2_32.dll
0x00007ffd2cba0000 - 0x00007ffd2cbb3000 	C:\WINDOWS\SYSTEM32\UMPDC.dll
0x00007ffd2ce50000 - 0x00007ffd2ce68000 	C:\WINDOWS\SYSTEM32\kernel.appcore.dll
0x00007ffd2aef0000 - 0x00007ffd2aefa000 	C:\Program Files\JetBrains\IntelliJ IDEA 2024.1.1\jbr\bin\jimage.dll
0x00007ffd20690000 - 0x00007ffd208c2000 	C:\WINDOWS\SYSTEM32\DBGHELP.DLL
0x00007ffd2eb70000 - 0x00007ffd2eef8000 	C:\WINDOWS\System32\combase.dll
0x00007ffd300b0000 - 0x00007ffd30187000 	C:\WINDOWS\System32\OLEAUT32.dll
0x00007ffd10ba0000 - 0x00007ffd10bd2000 	C:\WINDOWS\SYSTEM32\dbgcore.DLL
0x00007ffd2df80000 - 0x00007ffd2dffb000 	C:\WINDOWS\System32\bcryptPrimitives.dll
0x00007ffd15520000 - 0x00007ffd15545000 	C:\Program Files\JetBrains\IntelliJ IDEA 2024.1.1\jbr\bin\java.dll

dbghelp: loaded successfully - version: 4.0.5 - missing functions: none
symbol engine: initialized successfully - sym options: 0x614 - pdb path: .;C:\Program Files\JetBrains\IntelliJ IDEA 2024.1.1\jbr\bin;C:\WINDOWS\SYSTEM32;C:\WINDOWS\WinSxS\amd64_microsoft.windows.common-controls_6595b64144ccf1df_6.0.22621.3672_none_2713b9d173822955;C:\Program Files\JetBrains\IntelliJ IDEA 2024.1.1\jbr\bin\server

VM Arguments:
java_command: git4idea.http.GitAskPassApp Username for 'https://github.com': 
java_class_path (initial): C:/Program Files/JetBrains/IntelliJ IDEA 2024.1.1/plugins/vcs-git/lib/git4idea-rt.jar;C:/Program Files/JetBrains/IntelliJ IDEA 2024.1.1/lib/externalProcess-rt.jar
Launcher Type: SUN_STANDARD

[Global flags]
     intx CICompilerCount                          = 4                                         {product} {ergonomic}
     uint ConcGCThreads                            = 2                                         {product} {ergonomic}
     uint G1ConcRefinementThreads                  = 8                                         {product} {ergonomic}
   size_t G1HeapRegionSize                         = 2097152                                   {product} {ergonomic}
    uintx GCDrainStackTargetSize                   = 64                                        {product} {ergonomic}
   size_t InitialHeapSize                          = 266338304                                 {product} {ergonomic}
   size_t MarkStackSize                            = 4194304                                   {product} {ergonomic}
   size_t MaxHeapSize                              = 4253024256                                {product} {ergonomic}
   size_t MinHeapDeltaBytes                        = 2097152                                   {product} {ergonomic}
   size_t MinHeapSize                              = 8388608                                   {product} {ergonomic}
    uintx NonNMethodCodeHeapSize                   = 5839372                                {pd product} {ergonomic}
    uintx NonProfiledCodeHeapSize                  = 122909434                              {pd product} {ergonomic}
    uintx ProfiledCodeHeapSize                     = 122909434                              {pd product} {ergonomic}
    uintx ReservedCodeCacheSize                    = 251658240                              {pd product} {ergonomic}
     bool SegmentedCodeCache                       = true                                      {product} {ergonomic}
   size_t SoftMaxHeapSize                          = 4253024256                             {manageable} {ergonomic}
     bool UseCompressedClassPointers               = true                           {product lp64_product} {ergonomic}
     bool UseCompressedOops                        = true                           {product lp64_product} {ergonomic}
     bool UseG1GC                                  = true                                      {product} {ergonomic}
     bool UseLargePagesIndividualAllocation        = false                                  {pd product} {ergonomic}

Logging:
Log output configuration:
 #0: stdout all=warning uptime,level,tags
 #1: stderr all=off uptime,level,tags

Environment Variables:
PATH=C:/Users/az14jh/AppData/Local/Programs/Git/mingw64/libexec/git-core;C:/Users/az14jh/AppData/Local/Programs/Git/mingw64/libexec/git-core;C:\Users\az14jh\AppData\Local\Programs\Git\mingw64\bin;C:\Users\az14jh\AppData\Local\Programs\Git\usr\bin;H:\bin;C:\Program Files\Common Files\Oracle\Java\javapath;C:\WINDOWS\system32;C:\WINDOWS;C:\WINDOWS\System32\Wbem;C:\WINDOWS\System32\WindowsPowerShell\v1.0\;C:\WINDOWS\System32\OpenSSH\;C:\Program Files\dotnet\;C:\Windows\system32;C:\Windows;C:\Windows\System32\WindowsPowerShell\v1.0\;C:\Windows\System32\Wbem;C:\Program Files (x86)\Microsoft SQL Server\160\DTS\Binn\;C:\Program Files\Azure Data Studio\bin;C:\Program Files\Amazon\AWSCLIV2\;C:\Program Files\nodejs\;C:\Program Files\MySQL\MySQL Shell 8.4\bin\;C:\Users\az14jh\AppData\Local\Programs\Python\Launcher\;C:\Users\az14jh\AppData\Local\Microsoft\WindowsApps;C:\Program Files (x86)\SnowballClient\bin;C:\Users\az14jh\AppData\Local\Programs\Microsoft VS Code\bin;C:\Users\az14jh\AppData\Roaming\npm;C:\Users\az14jh\AppData\Local\Programs\Git\cmd
USERNAME=az14jh
DISPLAY=:0.0
LC_ALL=en_US.UTF-8
TERM=xterm-256color
TMPDIR=C:\Users\az14jh\AppData\Local\Temp
OS=Windows_NT
PROCESSOR_IDENTIFIER=Intel64 Family 6 Model 140 Stepping 1, GenuineIntel
TMP=C:\Users\az14jh\AppData\Local\Temp
TEMP=C:\Users\az14jh\AppData\Local\Temp



Periodic native trim disabled

JNI global refs:
JNI global refs: 0, weak refs: 0

JNI global refs memory usage: 0, weak refs: 0

OOME stack traces (most recent first):
Classloader memory used:


---------------  S Y S T E M  ---------------

OS:
 Windows 11 , 64 bit Build 22621 (10.0.22621.3672)
OS uptime: 0 days 0:25 hours
Hyper-V role detected

CPU: total 8 (initial active 8) (4 cores per cpu, 2 threads per core) family 6 model 140 stepping 1 microcode 0xac, cx8, cmov, fxsr, ht, mmx, 3dnowpref, sse, sse2, sse3, ssse3, sse4.1, sse4.2, popcnt, lzcnt, tsc, tscinvbit, avx, avx2, aes, erms, clmul, bmi1, bmi2, adx, avx512f, avx512dq, avx512cd, avx512bw, avx512vl, sha, fma, vzeroupper, avx512_vpopcntdq, avx512_vpclmulqdq, avx512_vaes, avx512_vnni, clflush, clflushopt, clwb, avx512_vbmi2, avx512_vbmi, hv
Processor Information for all 8 processors :
  Max Mhz: 2995, Current Mhz: 2995, Mhz Limit: 2995

Memory: 4k page, system-wide physical 16218M (3503M free)
TotalPageFile size 16218M (AvailPageFile size 223M)
current process WorkingSet (physical memory assigned to process): 11M, peak: 11M
current process commit charge ("private bytes"): 60M, peak: 314M

vm_info: OpenJDK 64-Bit Server VM (17.0.10+1-b1207.14) for windows-amd64 JRE (17.0.10+1-b1207.14), built on 2024-04-05 by "builduser" with MS VC++ 16.10 / 16.11 (VS2019)

END.
